\BOOKMARK [0][-]{section*.4}{\376\377\144\130\000\040\211\201}{}% 1
\BOOKMARK [0][-]{section*.5}{\376\377\000A\000B\000S\000T\000R\000A\000C\000T}{}% 2
\BOOKMARK [0][-]{chapter.1}{\376\377\176\352\213\272}{}% 3
\BOOKMARK [1][-]{section.1.1}{\376\377\170\024\172\166\200\314\146\157\116\016\141\017\116\111}{chapter.1}% 4
\BOOKMARK [1][-]{section.1.2}{\376\377\200\132\174\173\176\374\217\360}{chapter.1}% 5
\BOOKMARK [1][-]{section.1.3}{\376\377\170\024\172\166\121\205\133\271\124\214\122\033\145\260\160\271}{chapter.1}% 6
\BOOKMARK [1][-]{section.1.4}{\376\377\213\272\145\207\166\204\176\304\176\307\176\323\147\204}{chapter.1}% 7
\BOOKMARK [0][-]{chapter.2}{\376\377\166\370\121\163\170\024\172\166\176\374\217\360}{}% 8
\BOOKMARK [1][-]{section.2.1}{\376\377\166\370\121\163\164\006\213\272\176\374\217\360}{chapter.2}% 9
\BOOKMARK [1][-]{section.2.2}{\376\377\126\375\121\205\131\026\170\024\172\166\163\260\162\266}{chapter.2}% 10
\BOOKMARK [0][-]{chapter.3}{\376\377\226\220\171\301\117\335\142\244\000k\000-\000m\000e\000a\000n\000s\200\132\174\173\145\271\154\325\170\024\172\166}{}% 11
\BOOKMARK [1][-]{section.3.1}{\376\377\137\025\212\000}{chapter.3}% 12
\BOOKMARK [1][-]{section.3.2}{\376\377\230\204\131\007\167\345\213\306}{chapter.3}% 13
\BOOKMARK [2][-]{subsection.3.2.1}{\376\377\133\211\121\150\140\047\133\232\116\111}{section.3.2}% 14
\BOOKMARK [2][-]{subsection.3.2.2}{\376\377\127\372\116\216\000k\000d\000-\000t\000r\000e\000e\166\204\000k\000-\000m\000e\000a\000n\000s\200\132\174\173\145\271\154\325}{section.3.2}% 15
\BOOKMARK [2][-]{subsection.3.2.3}{\376\377\127\372\116\216\171\330\133\306\121\161\116\253\166\204\133\211\121\150\131\032\145\271\213\241\173\227}{section.3.2}% 16
\BOOKMARK [2][-]{subsection.3.2.4}{\376\377\171\330\133\306\121\161\116\253\116\130\154\325}{section.3.2}% 17
\BOOKMARK [1][-]{section.3.3}{\376\377\225\356\230\230\143\317\217\360}{chapter.3}% 18
\BOOKMARK [1][-]{section.3.4}{\376\377\127\372\116\216\171\330\133\306\121\161\116\253\166\204\226\220\171\301\117\335\142\244\213\241\173\227\152\041\127\127}{chapter.3}% 19
\BOOKMARK [2][-]{subsection.3.4.1}{\376\377\133\211\121\150\153\047\137\017\215\335\171\273\213\241\173\227\123\117\213\256}{section.3.4}% 20
\BOOKMARK [2][-]{subsection.3.4.2}{\376\377\133\211\121\150\153\324\217\203\123\117\213\256}{section.3.4}% 21
\BOOKMARK [2][-]{subsection.3.4.3}{\376\377\133\211\121\150\147\000\120\074\213\241\173\227\123\117\213\256}{section.3.4}% 22
\BOOKMARK [2][-]{subsection.3.4.4}{\376\377\133\211\121\150\217\307\156\344\123\117\213\256}{section.3.4}% 23
\BOOKMARK [1][-]{section.3.5}{\376\377\127\372\116\216\000k\000d\000-\000t\000r\000e\000e\166\204\226\220\171\301\117\335\142\244\000k\000-\000m\000e\000a\000n\000s\145\271\150\110}{chapter.3}% 24
\BOOKMARK [1][-]{section.3.6}{\376\377\164\006\213\272\122\006\147\220}{chapter.3}% 25
\BOOKMARK [1][-]{section.3.7}{\376\377\133\236\232\214\213\304\117\060}{chapter.3}% 26
\BOOKMARK [1][-]{section.3.8}{\376\377\147\054\172\340\134\017\176\323}{chapter.3}% 27
\BOOKMARK [0][-]{chapter.4}{\376\377\226\220\171\301\117\335\142\244\133\306\136\246\200\132\174\173\145\271\154\325\170\024\172\166}{}% 28
\BOOKMARK [1][-]{section.4.1}{\376\377\137\025\212\000}{chapter.4}% 29
\BOOKMARK [1][-]{section.4.2}{\376\377\230\204\131\007\167\345\213\306}{chapter.4}% 30
\BOOKMARK [2][-]{subsection.4.2.1}{\376\377\000D\000B\000S\000C\000A\000N}{section.4.2}% 31
\BOOKMARK [1][-]{section.4.3}{\376\377\225\356\230\230\143\317\217\360}{chapter.4}% 32
\BOOKMARK [2][-]{subsection.4.3.1}{\376\377\174\373\176\337\152\041\127\213}{section.4.3}% 33
\BOOKMARK [2][-]{subsection.4.3.2}{\376\377\133\211\121\150\152\041\127\213}{section.4.3}% 34
\BOOKMARK [2][-]{subsection.4.3.3}{\376\377\213\276\213\241\166\356\150\007}{section.4.3}% 35
\BOOKMARK [1][-]{section.4.4}{\376\377\127\372\116\216\171\330\133\306\121\161\116\253\166\204\226\220\171\301\117\335\142\244\213\241\173\227\152\041\127\127}{chapter.4}% 36
\BOOKMARK [1][-]{section.4.5}{\376\377\226\220\171\301\117\335\142\244\000d\000b\000s\000c\000a\000n}{chapter.4}% 37
\BOOKMARK [1][-]{section.4.6}{\376\377\145\071\217\333\166\204\226\220\171\301\117\335\142\244\000d\000b\000s\000c\000a\000n}{chapter.4}% 38
\BOOKMARK [1][-]{section.4.7}{\376\377\127\372\116\216\000d\000b\000s\000c\000a\000n\166\204\134\102\153\041\200\132\174\173}{chapter.4}% 39
\BOOKMARK [1][-]{section.4.8}{\376\377\164\006\213\272\122\006\147\220}{chapter.4}% 40
\BOOKMARK [1][-]{section.4.9}{\376\377\133\236\232\214\213\304\117\060}{chapter.4}% 41
\BOOKMARK [1][-]{section.4.10}{\376\377\147\054\172\340\134\017\176\323}{chapter.4}% 42
\BOOKMARK [0][-]{chapter*.13}{\376\377\201\364\214\042}{}% 43
\BOOKMARK [0][-]{section*.14}{\376\377\123\302\200\003\145\207\163\056}{}% 44
\BOOKMARK [0][-]{chapter*.16}{\376\377\117\134\200\005\127\050\133\146\147\037\225\364\123\326\137\227\166\204\133\146\147\057\142\020\147\234}{}% 45
\BOOKMARK [0][-]{appendix.A}{\376\377\152\041\147\177\143\320\117\233\166\204\136\014\201\112\133\127\153\315\124\175\116\344\122\027\210\150}{}% 46
